********************************************************************************
Field Output Report, written Tue Jun 25 13:49:11 2019

Source 1
---------

   ODB: C:/Users/maduguls/Documents/Sashi_Kiran/BL2D/Code_Anisoptopic/auto_inp.odb
   Step: Step-1
   Frame: Increment      1: Step Time =   2.2200E-16

Loc 1 : Nodal values from source 1

Output sorted by column "Node Label".

Field Output reported at nodes for part: PART-1-1

      Node Label            U.U1            U.U2
                          @Loc 1          @Loc 1
-------------------------------------------------
               1     1.53913E-03     389.979E-03
               2     441.387E-03     389.468E-03
               3     16.9079E-03     390.320E-03
               4     427.408E-03     391.409E-03
               5              0.    -250.000E-36
               6     443.351E-03    -250.000E-36
               7     83.2930E-03    -508.026E-03
               8     362.381E-03    -511.894E-03
               9     2.71878E-03     95.7088E-03
              10     1.68526E-03     24.1178E-03
              11    -341.983E-06    -52.9093E-03
              12     1.06122E-03    -96.2519E-03
              13     4.04790E-03    -139.326E-03
              14     8.21481E-03    -180.158E-03
              15     12.9156E-03    -216.825E-03
              16     17.8075E-03    -249.829E-03
              17     23.0030E-03    -280.241E-03
              18     28.8845E-03    -309.645E-03
              19     35.4132E-03    -338.004E-03
              20     42.4126E-03    -365.194E-03
              21     49.7466E-03    -391.108E-03
              22     57.2448E-03    -415.684E-03
              23     65.1228E-03    -438.885E-03
              24     73.5760E-03    -460.860E-03
              25     82.6765E-03    -481.451E-03
              26     92.2180E-03    -500.909E-03
              27     101.670E-03    -519.200E-03
              28     111.127E-03    -535.797E-03
              29     121.211E-03    -551.414E-03
              30     131.624E-03    -566.058E-03
              31     141.511E-03    -578.528E-03
              32     151.256E-03    -588.766E-03
              33     161.416E-03    -597.577E-03
              34     171.534E-03    -605.280E-03
              35     181.195E-03    -611.618E-03
              36     191.477E-03    -616.804E-03
              37     203.373E-03    -621.146E-03
              38     213.837E-03    -623.264E-03
              39     223.521E-03    -623.618E-03
              40     233.961E-03    -622.151E-03
              41     245.590E-03    -619.141E-03
              42     256.672E-03    -615.344E-03
              43     265.995E-03    -610.001E-03
              44     275.937E-03    -603.164E-03
              45     286.311E-03    -594.829E-03
              46     296.668E-03    -585.147E-03
              47     306.524E-03    -574.126E-03
              48     316.720E-03    -560.318E-03
              49     328.224E-03    -542.333E-03
              50     340.476E-03    -520.599E-03
              51     351.739E-03    -498.425E-03
              52     360.722E-03    -478.855E-03
              53     369.008E-03    -458.348E-03
              54     377.331E-03    -436.375E-03
              55     385.678E-03    -413.087E-03
              56     393.804E-03    -388.335E-03
              57     401.477E-03    -362.176E-03
              58     408.553E-03    -334.774E-03
              59     414.912E-03    -306.309E-03
              60     420.592E-03    -276.909E-03
              61     425.736E-03    -246.523E-03
              62     430.560E-03    -213.823E-03
              63     435.107E-03    -177.465E-03
              64     439.099E-03    -136.965E-03
              65     442.013E-03    -95.0179E-03
              66     443.541E-03    -52.4866E-03
              67     441.728E-03     23.6328E-03
              68     440.566E-03     96.4713E-03
              69     16.4240E-03     49.1273E-03
              70     20.5133E-03    -84.1084E-03
              71     23.9808E-03    -148.039E-03
              72     28.0213E-03    -200.858E-03
              73     32.3201E-03    -244.887E-03
              74     36.6179E-03    -281.470E-03
              75     40.9364E-03    -312.600E-03
              76     45.7446E-03    -342.719E-03
              77     51.2130E-03    -372.434E-03
              78     57.4104E-03    -401.929E-03
              79     64.6145E-03    -432.693E-03
              80     73.1945E-03    -466.240E-03
              81     93.4582E-03    -510.484E-03
              82     102.609E-03    -522.559E-03
              83     111.923E-03    -536.231E-03
              84     122.077E-03    -550.790E-03
              85     133.375E-03    -565.690E-03
              86     146.889E-03    -581.238E-03
              87     161.769E-03    -596.165E-03
              88     171.802E-03    -604.544E-03
              89     180.829E-03    -610.328E-03
              90     190.160E-03    -615.071E-03
              91     199.679E-03    -618.798E-03
              92     209.051E-03    -621.338E-03
              93     218.183E-03    -622.825E-03
              94     231.644E-03    -621.264E-03
              95     250.449E-03    -616.859E-03
              96     266.328E-03    -608.117E-03
              97     282.541E-03    -594.790E-03
              98     300.611E-03    -578.164E-03
              99     316.584E-03    -560.684E-03
             100     331.126E-03    -542.197E-03
             101     342.654E-03    -527.371E-03
             102     352.447E-03    -514.750E-03
             103     373.297E-03    -467.341E-03
             104     383.814E-03    -425.712E-03
             105     390.918E-03    -392.648E-03
             106     396.384E-03    -364.368E-03
             107     401.260E-03    -335.682E-03
             108     405.588E-03    -306.496E-03
             109     409.537E-03    -276.206E-03
             110     413.574E-03    -240.243E-03
             111     417.724E-03    -196.435E-03
             112     421.688E-03    -143.234E-03
             113     425.034E-03    -77.8545E-03
             114     428.474E-03     57.8724E-03
             115     352.395E-03    -44.8220E-03
             116     236.460E-03     158.243E-03
             117     410.661E-03    -75.3163E-03
             118     42.0547E-03    -200.242E-03
             119     36.7109E-03    -118.562E-03
             120     377.352E-03    -321.849E-03
             121     67.1959E-03    -176.314E-03
             122     129.511E-03    -545.285E-03
             123     226.859E-03    -624.710E-03
             124     52.7873E-03    -295.873E-03
             125     380.074E-03    -292.114E-03
             126     64.2731E-03    -352.814E-03
             127     368.882E-03    -379.642E-03
             128     51.8484E-03     38.4310E-03
             129     76.3585E-03    -404.489E-03
             130     82.8117E-03    -427.988E-03
             131     350.907E-03    -445.927E-03
             132     380.834E-03    -259.331E-03
             133     97.7364E-03    -472.218E-03
             134     47.6696E-03    -266.052E-03
             135     309.688E-03    -554.500E-03
             136     155.745E-03    -585.090E-03
             137     322.345E-03    -536.583E-03
             138     121.725E-03    -529.363E-03
             139     130.403E-03    -545.554E-03
             140     240.198E-03    -621.750E-03
             141     215.055E-03    -623.674E-03
             142     236.363E-03    -622.751E-03
             143     206.775E-03    -621.765E-03
             144     247.719E-03    -618.538E-03
             145     264.034E-03    -608.550E-03
             146     291.467E-03    -581.266E-03
             147     150.888E-03    -576.316E-03
             148     182.494E-03    -610.379E-03
             149     328.832E-03    -512.021E-03
             150     112.100E-03    -517.036E-03
             151     346.656E-03    -470.440E-03
             152     104.250E-03    -504.323E-03
             153     385.966E-03    -321.344E-03
             154     391.430E-03    -292.427E-03
             155     373.324E-03    -376.604E-03
             156     379.696E-03    -349.518E-03
             157     84.1940E-03    -418.523E-03
             158     64.8668E-03    -224.302E-03
             159     64.1956E-03    -264.243E-03
             160     87.9558E-03    -54.7259E-03
             161     410.172E-03     208.203E-06
             162     399.235E-03    -231.353E-03
             163     411.775E-03    -34.1512E-03
             164     214.765E-03     136.721E-03
             165     393.260E-03     38.6366E-03
             166     73.0065E-03    -358.537E-03
             167     72.3813E-03    -120.771E-03
             168     407.629E-03    -116.916E-03
             169     404.396E-03    -158.193E-03
             170     401.717E-03    -196.779E-03
             171     395.833E-03    -262.721E-03
             172     78.1739E-03    -388.364E-03
             173     65.4836E-03    -297.862E-03
             174     68.6946E-03    -328.548E-03
             175     366.643E-03    -402.333E-03
             176     272.873E-03    -601.023E-03
             177     91.4048E-03    -449.911E-03
             178     359.996E-03    -426.596E-03
             179     353.282E-03    -449.412E-03
             180     99.2104E-03    -482.080E-03
             181     338.896E-03    -490.503E-03
             182     120.417E-03    -530.751E-03
             183     318.389E-03    -534.141E-03
             184     200.566E-03    -621.287E-03
             185     139.505E-03    -560.546E-03
             186     308.420E-03    -553.586E-03
             187     299.675E-03    -569.137E-03
             188     164.761E-03    -594.784E-03
             189     165.418E-03    -592.033E-03
             190     282.160E-03    -591.821E-03
             191     173.945E-03    -602.209E-03
             192     218.906E-03    -625.105E-03
             193     181.358E-03    -608.944E-03
             194     189.626E-03    -614.258E-03
             195     257.025E-03    -613.675E-03
             196     190.803E-03    -616.274E-03
             197     198.257E-03    -618.704E-03
             198     265.845E-03    -605.187E-03
             199     222.062E-03    -624.403E-03
             200     210.375E-03    -624.152E-03
             201     147.695E-03    -573.908E-03
             202     296.130E-03    -572.750E-03
             203     252.167E-03    -615.599E-03
             204     174.025E-03    -603.314E-03
             205     341.477E-03    -508.287E-03
             206     278.804E-03    -591.044E-03
             207     139.316E-03    -560.685E-03
             208     114.176E-03    -512.210E-03
             209     333.225E-03    -521.543E-03
             210     345.415E-03    -484.927E-03
             211     106.357E-03    -492.869E-03
             212     90.1240E-03    -450.531E-03
             213     31.8716E-03    -34.2483E-03
             214     362.816E-03    -409.807E-03
             215     70.5079E-03    -379.468E-03
             216     39.7407E-03    -160.986E-03
             217     373.428E-03    -350.889E-03
             218     58.4287E-03    -324.923E-03
             219     369.883E-03    -114.722E-03
             220     33.7301E-03     511.972E-06
             221     44.2067E-03    -235.042E-03
             222     379.510E-03    -219.938E-03
             223     376.390E-03    -171.964E-03
             224     33.4584E-03    -75.8043E-03
             225     378.225E-03    -96.5374E-03
             226     267.656E-03    -599.078E-03
             227     73.1885E-03    -184.134E-03
             228     317.619E-03    -501.606E-03
             229     371.589E-03    -179.620E-03
             230     77.6528E-03    -280.705E-03
             231     62.6331E-03    -55.4616E-03
             232     353.131E-03    -278.896E-03
             233     207.924E-03    -624.663E-03
             234     160.632E-03    -580.352E-03
             235     251.275E-03    -614.872E-03
             236     99.4385E-03    -374.433E-03
             237     291.044E-03    -564.979E-03
             238     308.013E-03    -525.190E-03
             239     352.768E-03    -307.936E-03
             240     381.833E-03    -56.6740E-03
             241     350.760E-03     110.068E-03
             242     130.588E-03    -523.585E-03
             243     124.993E-03    -508.824E-03
             244     377.021E-03    -1.20804E-03
             245     386.616E-03    -25.5285E-03
             246     213.335E-03    -624.325E-03
             247     155.956E-03    -569.528E-03
             248     169.045E-03    -590.357E-03
             249     109.316E-03    -434.588E-03
             250     349.796E-03    -336.957E-03
             251     182.305E-03    -606.832E-03
             252     177.388E-03    -601.093E-03
             253     342.594E-03    -203.267E-03
             254     166.765E-03    -584.494E-03
             255     112.025E-03    -460.572E-03
             256     221.009E-03    -625.666E-03
             257     99.1956E-03    -415.909E-03
             258     94.1255E-03    -249.788E-03
             259     290.474E-03     16.5566E-03
             260     83.2052E-03    -311.053E-03
             261     108.737E-03    -157.479E-03
             262     67.0532E-03    -989.132E-06
             263     57.0632E-03    -24.8699E-03
             264     141.111E-03    -538.457E-03
             265     350.503E-03    -363.938E-03
             266     178.054E-03    -600.905E-03
             267     346.280E-03    -366.085E-03
             268     105.264E-03     101.743E-03
             269     261.662E-03    -603.644E-03
             270     242.213E-03    -621.028E-03
             271     198.063E-03    -618.105E-03
             272     71.6167E-03    -141.057E-03
             273     97.8250E-03    -394.053E-03
             274     277.691E-03    -582.021E-03
             275     108.314E-03    -437.981E-03
             276     138.139E-03    -538.257E-03
             277     327.827E-03    -482.253E-03
             278     189.586E-03    -612.444E-03
             279     299.275E-03    -546.706E-03
             280     277.380E-03    -587.704E-03
             281     215.898E-03    -626.307E-03
             282     221.865E-03    -626.139E-03
             283     261.446E-03    -606.928E-03
             284     186.131E-03    -609.399E-03
             285     374.314E-03    -138.338E-03
             286     366.639E-03    -278.281E-03
             287     122.958E-03    -107.239E-03
             288     115.326E-03    -464.131E-03
             289     340.172E-03    -416.650E-03
             290     369.278E-03    -249.156E-03
             291     147.219E-03     3.04980E-03
             292     92.0177E-03    -314.874E-03
             293     370.272E-03    -216.856E-03
             294     99.8695E-03    -206.865E-03
             295     91.3245E-03    -284.740E-03
             296     361.743E-03    -306.965E-03
             297     356.134E-03    -335.673E-03
             298     95.4409E-03    -344.529E-03
             299     104.205E-03    -404.556E-03
             300     345.013E-03    -391.063E-03
             301     199.134E-03    -620.308E-03
             302     335.334E-03    -440.901E-03
             303     330.212E-03    -464.063E-03
             304     120.748E-03    -489.771E-03
             305     286.358E-03    -577.015E-03
             306     237.413E-03    -622.867E-03
             307     146.705E-03    -553.756E-03
             308     227.830E-03    -625.930E-03
             309     205.583E-03    -621.921E-03
             310     191.295E-03    -615.060E-03
             311     148.629E-03    -554.688E-03
             312     289.752E-03    -565.214E-03
             313     156.159E-03    -569.301E-03
             314     254.979E-03    -611.971E-03
             315     130.160E-03    -506.183E-03
             316     325.125E-03    -495.593E-03
             317     327.458E-03    -468.877E-03
             318     300.949E-03    -546.023E-03
             319     132.619E-03    -523.063E-03
             320     121.965E-03    -481.664E-03
             321     323.610E-03    -513.350E-03
             322     313.092E-03    -527.284E-03
             323     93.2339E-03    -367.899E-03
             324     342.641E-03    -394.690E-03
             325     339.951E-03    -420.551E-03
             326     88.4681E-03    -340.184E-03
             327     316.653E-03    -99.3196E-03
             328     332.391E-03    -153.483E-03
             329     349.525E-03    -245.171E-03
             330     69.7629E-03    -253.023E-03
             331     73.0841E-03    -223.779E-03
             332     67.8050E-03    -96.5382E-03
             333     176.647E-03    -595.126E-03
             334     212.388E-03    -624.778E-03
             335     163.403E-03    -561.944E-03
             336     104.278E-03    -210.966E-03
             337     101.504E-03    -256.283E-03
             338     331.170E-03    -320.456E-03
             339     261.686E-03    -594.946E-03
             340     183.387E-03    -596.735E-03
             341     353.292E-03    -34.0046E-03
             342     141.987E-03    -514.979E-03
             343     307.533E-03    -481.418E-03
             344     344.203E-03     17.9432E-03
             345     350.470E-03    -76.8595E-03
             346     330.687E-03    -294.957E-03
             347     324.094E-03    -269.277E-03
             348     138.416E-03    -473.747E-03
             349     251.241E-03    -609.439E-03
             350     129.733E-03    -422.614E-03
             351     205.487E-03    -621.539E-03
             352     188.448E-03    -606.353E-03
             353     104.860E-03    -165.782E-03
             354     114.421E-03    -326.832E-03
             355     130.455E-03    -449.448E-03
             356     173.083E-03    -580.949E-03
             357     99.2789E-03     13.7922E-03
             358     289.178E-03    -143.170E-03
             359     145.093E-03    -64.0488E-03
             360     136.309E-03    -457.024E-03
             361     87.0238E-03    -29.7600E-03
             362     155.853E-03    -545.478E-03
             363     220.790E-03    -627.640E-03
             364     234.932E-03    -624.539E-03
             365     142.237E-03    -498.253E-03
             366     281.616E-03    -559.511E-03
             367     229.099E-03    -624.817E-03
             368     317.384E-03    -406.514E-03
             369     316.599E-03    -233.691E-03
             370     296.629E-03    -514.309E-03
             371     325.196E-03    -440.085E-03
             372     266.247E-03    -594.170E-03
             373     135.221E-03    -192.610E-03
             374     322.645E-03    -352.102E-03
             375     148.417E-03    -495.779E-03
             376     201.371E-03     31.0640E-03
             377     102.586E-03    -118.557E-03
             378     325.673E-03    -321.046E-03
             379     305.234E-03    -190.449E-03
             380     346.062E-03    -117.612E-03
             381     273.970E-03    -578.569E-03
             382     273.163E-03    -573.407E-03
             383     288.771E-03    -538.433E-03
             384     153.302E-03    -526.582E-03
             385     148.849E-03    -528.871E-03
             386     307.361E-03    -485.865E-03
             387     166.576E-03    -563.085E-03
             388     220.627E-03     13.2207E-03
             389     342.384E-03    -160.510E-03
             390     150.501E-03    -146.277E-03
             391     118.190E-03    -330.126E-03
             392     340.336E-03    -201.823E-03
             393     339.706E-03    -238.517E-03
             394     343.442E-03    -265.535E-03
             395     124.907E-03    -237.547E-03
             396     112.847E-03    -303.586E-03
             397     118.575E-03    -276.192E-03
             398     336.283E-03    -291.345E-03
             399     325.522E-03    -349.610E-03
             400     121.823E-03    -360.411E-03
             401     125.667E-03    -391.059E-03
             402     320.762E-03    -378.794E-03
             403     206.986E-03    -624.133E-03
             404     311.482E-03    -457.820E-03
             405     314.630E-03    -432.609E-03
             406     169.666E-03    -576.595E-03
             407     199.524E-03    -617.014E-03
             408     227.700E-03    -627.349E-03
             409     290.784E-03    -533.274E-03
             410     198.233E-03    -617.313E-03
             411     191.029E-03    -608.141E-03
             412     320.555E-03    -411.209E-03
             413     158.380E-03    -546.927E-03
             414     279.779E-03    -556.202E-03
             415     125.044E-03    -415.020E-03
             416     304.452E-03    -509.494E-03
             417     118.762E-03    -358.200E-03
             418     117.959E-03    -384.449E-03
             419     320.452E-03    -381.983E-03
             420     293.209E-03    -51.1957E-03
             421     109.522E-03    -295.017E-03
             422     97.8681E-03    -71.4507E-03
             423     219.318E-03    -629.381E-03
             424     198.145E-03    -603.926E-03
             425     244.506E-03    -602.718E-03
             426     182.791E-03    -590.645E-03
             427     219.824E-03    -626.754E-03
             428     211.360E-03    -623.669E-03
             429     237.276E-03    -621.764E-03
             430     152.127E-03    -409.403E-03
             431     131.963E-03    -39.6609E-03
             432     267.660E-03    -94.3773E-03
             433     301.622E-03    -297.529E-03
             434     136.348E-03    -143.802E-03
             435     186.210E-03    -574.313E-03
             436     242.892E-03    -39.4491E-03
             437     161.944E-03    -512.307E-03
             438     170.059E-03    -183.661E-03
             439     309.599E-03    -457.742E-03
             440     140.683E-03    -308.687E-03
             441     148.035E-03    -388.538E-03
             442     291.991E-03    -395.516E-03
             443     226.826E-03    -626.772E-03
             444     253.900E-03    -603.262E-03
             445     238.294E-03    -622.529E-03
             446     147.047E-03    -267.402E-03
             447     174.131E-03    -552.799E-03
             448     137.068E-03    -276.303E-03
             449     145.640E-03    -345.452E-03
             450     245.692E-03    -617.748E-03
             451     298.514E-03    -335.276E-03
             452     283.868E-03     31.0356E-03
             453     302.416E-03    -432.540E-03
             454     141.453E-03    -311.371E-03
             455     168.008E-03    -534.422E-03
             456     162.217E-03    -484.197E-03
             457     171.256E-03    -101.303E-03
             458     309.697E-03    -29.0059E-03
             459     136.369E-03    -191.581E-03
             460     145.353E-03    -346.462E-03
             461     275.588E-03    -528.509E-03
             462     269.124E-03    -552.416E-03
             463     296.313E-03    -368.093E-03
             464     208.861E-03    -623.119E-03
             465     155.119E-03    -448.877E-03
             466     213.885E-03    -627.253E-03
             467     281.948E-03    -502.613E-03
             468     311.780E-03    -183.103E-03
             469     283.741E-03    -224.129E-03
             470     268.622E-03    -183.018E-03
             471     309.040E-03    -225.672E-03
             472     259.989E-03    -588.445E-03
             473     266.979E-03    -540.762E-03
             474     290.385E-03    -450.087E-03
             475     324.388E-03    -62.7550E-03
             476     319.137E-03    -97.6911E-03
             477     193.461E-03    -48.9371E-03
             478     315.064E-03    -139.442E-03
             479     155.867E-03    -226.159E-03
             480     299.694E-03    -332.369E-03
             481     308.753E-03    -304.627E-03
             482     148.662E-03    -377.022E-03
             483     294.675E-03    -364.363E-03
             484     290.928E-03    -424.344E-03
             485     179.682E-03    -571.724E-03
             486     255.097E-03    -585.950E-03
             487     160.078E-03    -434.100E-03
             488     175.347E-03    -516.294E-03
             489     279.461E-03    -513.337E-03
             490     256.382E-03    -568.394E-03
             491     178.758E-03    -548.297E-03
             492     297.332E-03    -400.468E-03
             493     134.489E-03    -94.0110E-03
             494     234.288E-03    -617.899E-03
             495     225.745E-03    -628.376E-03
             496     249.336E-03    -612.506E-03
             497     189.644E-03    -590.475E-03
             498     244.030E-03    -587.188E-03
             499     251.345E-03    -217.493E-03
             500     196.304E-03    -583.882E-03
             501     202.008E-03    -614.399E-03
             502     185.047E-03    -463.744E-03
             503     255.337E-03    -44.0564E-03
             504     169.932E-03    -292.992E-03
             505     186.001E-03    -412.473E-03
             506     185.517E-03    -497.751E-03
             507     292.975E-03    -261.470E-03
             508     277.488E-03    -424.000E-03
             509     172.618E-03    -329.673E-03
             510     134.924E-03    -235.707E-03
             511     194.774E-03    -141.650E-03
             512     258.107E-03    -517.239E-03
             513     287.692E-03    -475.882E-03
             514     186.207E-03    -217.839E-03
             515     265.700E-03    -570.285E-03
             516     288.085E-03    -118.836E-03
             517     271.830E-03    -386.990E-03
             518     264.765E-03    -415.988E-03
             519     246.582E-03    -140.997E-03
             520     185.791E-03    -35.8181E-03
             521     289.745E-03    -490.392E-03
             522     203.870E-03    -615.470E-03
             523     219.733E-03    -627.953E-03
             524     212.881E-03    -626.997E-03
             525     287.055E-03    -460.432E-03
             526     168.773E-03    -169.683E-03
             527     281.234E-03    -204.230E-03
             528     253.077E-03    -543.582E-03
             529     264.884E-03    -382.427E-03
             530     235.933E-03    -591.802E-03
             531     238.039E-03    -620.591E-03
             532     239.546E-03    -544.697E-03
             533     169.026E-03    -477.091E-03
             534     243.549E-03    -601.606E-03
             535     271.466E-03    -349.895E-03
             536     188.458E-03    -539.847E-03
             537     291.867E-03    -76.0594E-03
             538     285.234E-03    -161.273E-03
             539     310.307E-03    -269.520E-03
             540     176.928E-03    -255.563E-03
             541     275.969E-03    -303.591E-03
             542     206.128E-03    -539.511E-03
             543     217.251E-03    -93.9611E-03
             544     172.781E-03    -393.259E-03
             545     266.344E-03    -445.351E-03
             546     171.338E-03    -329.959E-03
             547     174.450E-03    -364.175E-03
             548     267.022E-03    -346.053E-03
             549     193.260E-03    -561.440E-03
             550     168.677E-03    -75.4998E-03
             551     253.646E-03    -514.700E-03
             552     213.750E-03    -93.1907E-03
             553     170.450E-03    -120.472E-03
             554     272.957E-03    -250.841E-03
             555     221.564E-03    -623.224E-03
             556     214.788E-03    -477.978E-03
             557     232.815E-03    -531.601E-03
             558     202.915E-03    -243.611E-03
             559     180.432E-03    -425.345E-03
             560     236.669E-03    -406.177E-03
             561     204.403E-03    -149.979E-03
             562     206.796E-03    -590.739E-03
             563     224.624E-03    -628.008E-03
             564     268.280E-03    -485.307E-03
             565     232.687E-03    -183.178E-03
             566     205.623E-03    -312.357E-03
             567     221.611E-03    -629.612E-03
             568     198.762E-03    -602.953E-03
             569     145.219E-03     12.6936E-03
             570     228.395E-03    -598.279E-03
             571     203.993E-03    -184.701E-03
             572     270.345E-03    -466.892E-03
             573     171.831E-03    -293.943E-03
             574     247.987E-03    -570.119E-03
             575     226.906E-03    -609.540E-03
             576     268.872E-03    -288.293E-03
             577     197.150E-03    -499.611E-03
             578     241.180E-03    -613.054E-03
             579     257.539E-03    -100.465E-03
             580     192.628E-03    -458.159E-03
             581     258.620E-03    -140.679E-03
             582     261.238E-03    -253.217E-03
             583     263.565E-03    -490.388E-03
             584     167.160E-03    -254.372E-03
             585     276.538E-03    -318.119E-03
             586     231.083E-03    -626.351E-03
             587     176.782E-03    -368.268E-03
             588     248.462E-03    -410.108E-03
             589     201.421E-03    -566.258E-03
             590     235.302E-03    -366.457E-03
             591     239.266E-03    -442.930E-03
             592     256.393E-03    -179.858E-03
             593     233.282E-03    -321.798E-03
             594     202.803E-03    -348.309E-03
             595     226.991E-03    -572.961E-03
             596     221.281E-03    -630.255E-03
             597     257.945E-03    -450.781E-03
             598     167.902E-03    -213.783E-03
             599     210.535E-03    -547.001E-03
             600     216.335E-03    -627.625E-03
             601     214.499E-03    -622.165E-03
             602     244.561E-03    -366.338E-03
             603     182.020E-03    -521.518E-03
             604     211.925E-03    -571.654E-03
             605     225.441E-03    -512.441E-03
             606     211.758E-03    -613.994E-03
             607     210.334E-03    -436.476E-03
             608     196.745E-03    -315.125E-03
             609     206.904E-03    -518.224E-03
             610     203.194E-03    -391.954E-03
             611     223.455E-03    -440.789E-03
             612     247.204E-03    -472.176E-03
             613     214.765E-03    -595.519E-03
             614     245.867E-03    -321.647E-03
             615     229.586E-03    -160.219E-03
             616     231.297E-03    -126.810E-03
             617     229.111E-03    -244.856E-03
             618     231.114E-03    -620.886E-03
             619     197.889E-03    -347.865E-03
             620     230.639E-03    -557.632E-03
             621     207.529E-03    -280.735E-03
             622     216.551E-03    -479.841E-03
             623     225.678E-03    -628.986E-03
             624     236.924E-03    -502.478E-03
             625     249.099E-03    -216.289E-03
             626     217.019E-03    -217.016E-03
             627     199.495E-03    -194.044E-03
             628     213.485E-03    -384.488E-03
             629     235.231E-03    -281.443E-03
             630     200.050E-03    -269.849E-03
             631     222.711E-03    -214.749E-03
             632     245.138E-03    -281.990E-03
             633     214.963E-03    -611.302E-03
             634     241.056E-03    -481.344E-03
             635     220.770E-03    -627.326E-03
             636     227.776E-03    -578.269E-03
             637     198.033E-03    -232.052E-03
             638     223.135E-03    -629.625E-03
             639     232.613E-03    -248.577E-03
             640     230.201E-03    -612.678E-03
             641     221.740E-03    -345.957E-03
             642     231.421E-03    -191.339E-03
             643     230.281E-03    -625.442E-03
             644     222.612E-03    -621.415E-03
             645     225.597E-03    -626.607E-03


  Minimum           -341.983E-06    -630.255E-03
         At Node              11             596

  Maximum            443.541E-03     391.409E-03
         At Node              66               4

           Total         143.307        -252.886


